/var/spool/slurm/d/job65473/slurm_script: line 8: [: missing `]'
This is a test
Today is Thu 15 Sep 02:18:56 BST 2022
This is cloud-vm-41-120.doc.ic.ac.uk
running python program
/vol/cuda/10.2.89-cudnn7.6.4.38/bin:/vol/bitbucket/sx119/conda/bin:/vol/bitbucket/sx119/conda/condabin:/homes/sx119/.local/bin:/usr/local/sbin:/usr/local/bin:/usr/sbin:/usr/bin:/sbin:/bin:/usr/games:/usr/local/games:/snap/bin
using device:  cuda:0
CPU RAM Free: 69.8 GB
GPU 0 ... Mem Free: 24255MB / 24258MB | Utilization   0%
CPU RAM Free: 66.3 GB
GPU 0 ... Mem Free: 22488MB / 24258MB | Utilization   7%
CPU RAM Free: 65.7 GB
GPU 0 ... Mem Free: 21748MB / 24258MB | Utilization  10%
start training
epoch 0 average x_t_loss, x_1_loss, prob_loss, val losses: 11.369157791137695, 6.34337854385376, 38.72567367553711, 11.317695617675781, 6.351748943328857, 26.703855514526367
epoch 1 average x_t_loss, x_1_loss, prob_loss, val losses: 11.301931381225586, 6.142852783203125, 24.79366111755371, 11.399791717529297, 5.619660377502441, 21.35515785217285
epoch 2 average x_t_loss, x_1_loss, prob_loss, val losses: 11.335856437683105, 5.602628231048584, 20.66427230834961, 11.400766372680664, 5.236370086669922, 18.8046932220459
epoch 3 average x_t_loss, x_1_loss, prob_loss, val losses: 11.384306907653809, 5.264191627502441, 18.56417465209961, 11.44428539276123, 4.958289623260498, 17.328956604003906
epoch 4 average x_t_loss, x_1_loss, prob_loss, val losses: 11.410062789916992, 5.0342302322387695, 17.178340911865234, 11.405312538146973, 4.730992317199707, 16.226762771606445
epoch 5 average x_t_loss, x_1_loss, prob_loss, val losses: 11.411535263061523, 4.849215507507324, 16.13625144958496, 11.443611145019531, 4.575960159301758, 15.41736125946045
epoch 6 average x_t_loss, x_1_loss, prob_loss, val losses: 11.407665252685547, 4.693384647369385, 15.340544700622559, 11.38637924194336, 4.477962493896484, 14.649474143981934
epoch 7 average x_t_loss, x_1_loss, prob_loss, val losses: 11.401498794555664, 4.5699076652526855, 14.71444320678711, 11.420003890991211, 4.346510410308838, 14.210662841796875
epoch 8 average x_t_loss, x_1_loss, prob_loss, val losses: 11.398055076599121, 4.478643894195557, 14.20790958404541, 11.40333366394043, 4.291861057281494, 13.819190979003906
epoch 9 average x_t_loss, x_1_loss, prob_loss, val losses: 11.40584659576416, 4.404729843139648, 13.769664764404297, 11.367504119873047, 4.231884956359863, 13.468561172485352
epoch 10 average x_t_loss, x_1_loss, prob_loss, val losses: 11.41589641571045, 4.345364093780518, 13.370685577392578, 11.345327377319336, 4.172621726989746, 13.131735801696777
epoch 11 average x_t_loss, x_1_loss, prob_loss, val losses: 11.4114408493042, 4.295968532562256, 12.987754821777344, 11.446282386779785, 4.132939338684082, 12.933023452758789
epoch 12 average x_t_loss, x_1_loss, prob_loss, val losses: 11.42543888092041, 4.254650592803955, 12.657833099365234, 11.371885299682617, 4.118863582611084, 12.621710777282715
epoch 13 average x_t_loss, x_1_loss, prob_loss, val losses: 11.436053276062012, 4.219034671783447, 12.323616981506348, 11.424277305603027, 4.080434799194336, 12.416210174560547
epoch 14 average x_t_loss, x_1_loss, prob_loss, val losses: 11.455438613891602, 4.188574314117432, 12.004891395568848, 11.43620491027832, 4.040299415588379, 12.276589393615723
epoch 15 average x_t_loss, x_1_loss, prob_loss, val losses: 11.462783813476562, 4.162928581237793, 11.670633316040039, 11.460275650024414, 4.036083698272705, 12.12108325958252
epoch 16 average x_t_loss, x_1_loss, prob_loss, val losses: 11.491320610046387, 4.1426682472229, 11.365594863891602, 11.455814361572266, 4.0148186683654785, 12.05956745147705
epoch 17 average x_t_loss, x_1_loss, prob_loss, val losses: 11.508365631103516, 4.135646820068359, 11.022849082946777, 11.551277160644531, 4.0005106925964355, 12.070093154907227
epoch 18 average x_t_loss, x_1_loss, prob_loss, val losses: 11.53688907623291, 4.108271598815918, 10.668305397033691, 11.542604446411133, 3.9951748847961426, 11.968660354614258
epoch 19 average x_t_loss, x_1_loss, prob_loss, val losses: 11.576969146728516, 4.0949015617370605, 10.309996604919434, 11.557398796081543, 4.002213478088379, 11.985579490661621
epoch 20 average x_t_loss, x_1_loss, prob_loss, val losses: 11.598069190979004, 4.082399368286133, 9.914064407348633, 11.622969627380371, 3.9888663291931152, 12.055168151855469
early stop! 
epoch 21 average x_t_loss, x_1_loss, prob_loss, val losses: 11.631486892700195, 4.0722832679748535, 9.49854564666748, 11.647440910339355, 3.9578349590301514, 12.266687393188477
epoch 22 average x_t_loss, x_1_loss, prob_loss, val losses: 11.671242713928223, 4.064665794372559, 9.060201644897461, 11.6989164352417, 3.955110788345337, 12.400306701660156
epoch 23 average x_t_loss, x_1_loss, prob_loss, val losses: 11.712388038635254, 4.058343887329102, 8.606758117675781, 11.715447425842285, 3.9614124298095703, 12.586212158203125
epoch 24 average x_t_loss, x_1_loss, prob_loss, val losses: 11.738945960998535, 4.068885326385498, 8.143560409545898, 11.756481170654297, 3.947937250137329, 12.88102912902832
origin text:  A child in a pink dress is climbing up a set of stairs in an entry way .
t = 999
inferred:  [CLS] a groupler out pink dress dress dress climb the down down a. [SEP]
inferred:  [CLS] a child in a pink dress dress runs down the steps of a stairs [SEP]
inferred:  [CLS] a girl in a pink pink dress runs down the steps of a. [SEP]
inferred:  [CLS] a girl in a pink pink dress runs down the steps of a. [SEP]
inferred:  [CLS] a girl in a pink dress dress runs down the steps of a. [SEP]
text t effectiveness
t:  1 restore:  [CLS] a child in a pink dress is climbing up a set of stairs in [SEP]
t:  101 restore:  [CLS] a child in a pink dress is climbing up a set of stairs in [SEP]
t:  201 restore:  [CLS] a child in a pink dress is climbing up a set of stairs. [SEP]
t:  301 restore:  [CLS] a girl in a pink dress is climbing down a set at stairs. [SEP]
t:  401 restore:  [CLS] a child in a pink dress dress climbs down the down of stairs. [SEP]
t:  501 restore:  [CLS] a girl wearing a pink dress runs climbing up up down of stairs. [SEP]
t:  601 restore:  [CLS] a girl in a pink dress dress climbs down stairs down of of. [SEP]
t:  701 restore:  [CLS] a girl in a pink dress dress climbs up stairs stairs down stairs stairs [SEP]
t:  801 restore:  [CLS] a girl in a pink dress dress climbs down the down of of stairs [SEP]
t:  901 restore:  [CLS] a girl in a pink dress runs climbs a stairs down of stairs. [SEP]
Thu Sep 15 13:28:27 2022       
+-----------------------------------------------------------------------------+
| NVIDIA-SMI 470.129.06   Driver Version: 470.129.06   CUDA Version: 11.4     |
|-------------------------------+----------------------+----------------------+
| GPU  Name        Persistence-M| Bus-Id        Disp.A | Volatile Uncorr. ECC |
| Fan  Temp  Perf  Pwr:Usage/Cap|         Memory-Usage | GPU-Util  Compute M. |
|                               |                      |               MIG M. |
|===============================+======================+======================|
|   0  NVIDIA A30          On   | 00000000:02:00.0 Off |                    0 |
| N/A   41C    P0    36W / 165W |      0MiB / 24258MiB |     48%      Default |
|                               |                      |             Disabled |
+-------------------------------+----------------------+----------------------+
                                                                               
+-----------------------------------------------------------------------------+
| Processes:                                                                  |
|  GPU   GI   CI        PID   Type   Process name                  GPU Memory |
|        ID   ID                                                   Usage      |
|=============================================================================|
|  No running processes found                                                 |
+-----------------------------------------------------------------------------+
 13:28:27 up 16 days,  1:48,  2 users,  load average: 1.36, 2.25, 2.65
