/var/spool/slurm/d/job65472/slurm_script: line 8: [: missing `]'
This is a test
Today is Thu 15 Sep 02:17:40 BST 2022
This is cloud-vm-41-120.doc.ic.ac.uk
running python program
/vol/cuda/10.2.89-cudnn7.6.4.38/bin:/vol/bitbucket/sx119/conda/bin:/vol/bitbucket/sx119/conda/condabin:/homes/sx119/.local/bin:/usr/local/sbin:/usr/local/bin:/usr/sbin:/usr/bin:/sbin:/bin:/usr/games:/usr/local/games:/snap/bin
using device:  cuda:0
CPU RAM Free: 74.4 GB
GPU 0 ... Mem Free: 24255MB / 24258MB | Utilization   0%
CPU RAM Free: 70.9 GB
GPU 0 ... Mem Free: 22488MB / 24258MB | Utilization   7%
CPU RAM Free: 70.3 GB
GPU 0 ... Mem Free: 21748MB / 24258MB | Utilization  10%
start training
epoch 0 average x_t_loss, x_1_loss, prob_loss, val losses: 11.357013702392578, 6.4176554679870605, 38.847389221191406, 11.28541088104248, 6.26716423034668, 26.732576370239258
epoch 1 average x_t_loss, x_1_loss, prob_loss, val losses: 11.301396369934082, 6.197274208068848, 24.66278076171875, 11.216023445129395, 5.487310409545898, 21.34957504272461
epoch 2 average x_t_loss, x_1_loss, prob_loss, val losses: 11.355788230895996, 5.590254783630371, 20.57809829711914, 11.322076797485352, 5.123244285583496, 18.71758460998535
epoch 3 average x_t_loss, x_1_loss, prob_loss, val losses: 11.394925117492676, 5.254787445068359, 18.433372497558594, 11.366866111755371, 4.963719367980957, 17.103044509887695
epoch 4 average x_t_loss, x_1_loss, prob_loss, val losses: 11.412309646606445, 5.041131973266602, 17.003662109375, 11.450018882751465, 4.7169671058654785, 16.017457962036133
epoch 5 average x_t_loss, x_1_loss, prob_loss, val losses: 11.407320022583008, 4.847785472869873, 15.952652931213379, 11.406603813171387, 4.587160110473633, 15.033063888549805
epoch 6 average x_t_loss, x_1_loss, prob_loss, val losses: 11.411558151245117, 4.699835777282715, 15.168035507202148, 11.407798767089844, 4.451374053955078, 14.433110237121582
epoch 7 average x_t_loss, x_1_loss, prob_loss, val losses: 11.412208557128906, 4.588386535644531, 14.53593635559082, 11.418718338012695, 4.395327568054199, 13.859299659729004
epoch 8 average x_t_loss, x_1_loss, prob_loss, val losses: 11.414334297180176, 4.498205184936523, 13.991201400756836, 11.470309257507324, 4.308465003967285, 13.438848495483398
epoch 9 average x_t_loss, x_1_loss, prob_loss, val losses: 11.402377128601074, 4.418558597564697, 13.516823768615723, 11.439275741577148, 4.23836088180542, 13.093912124633789
epoch 10 average x_t_loss, x_1_loss, prob_loss, val losses: 11.41563892364502, 4.35927152633667, 13.118880271911621, 11.502276420593262, 4.191215991973877, 12.843404769897461
epoch 11 average x_t_loss, x_1_loss, prob_loss, val losses: 11.417198181152344, 4.319772243499756, 12.745607376098633, 11.513505935668945, 4.178550720214844, 12.460766792297363
epoch 12 average x_t_loss, x_1_loss, prob_loss, val losses: 11.434362411499023, 4.272096633911133, 12.3827543258667, 11.444462776184082, 4.107787609100342, 12.354034423828125
epoch 13 average x_t_loss, x_1_loss, prob_loss, val losses: 11.449745178222656, 4.230642795562744, 12.074504852294922, 11.534151077270508, 4.091182231903076, 12.184135437011719
epoch 14 average x_t_loss, x_1_loss, prob_loss, val losses: 11.460302352905273, 4.199222087860107, 11.743103981018066, 11.523443222045898, 4.058174133300781, 11.992990493774414
epoch 15 average x_t_loss, x_1_loss, prob_loss, val losses: 11.472713470458984, 4.174132823944092, 11.414299011230469, 11.540599822998047, 4.037178993225098, 11.914238929748535
epoch 16 average x_t_loss, x_1_loss, prob_loss, val losses: 11.490945816040039, 4.150428771972656, 11.095748901367188, 11.653572082519531, 4.0126729011535645, 11.926353454589844
epoch 17 average x_t_loss, x_1_loss, prob_loss, val losses: 11.518986701965332, 4.129143714904785, 10.746698379516602, 11.596174240112305, 3.9896652698516846, 11.935393333435059
epoch 18 average x_t_loss, x_1_loss, prob_loss, val losses: 11.541972160339355, 4.1216301918029785, 10.376819610595703, 11.652405738830566, 3.9774668216705322, 11.966216087341309
epoch 19 average x_t_loss, x_1_loss, prob_loss, val losses: 11.583605766296387, 4.100094318389893, 10.001908302307129, 11.684908866882324, 3.975773811340332, 12.090943336486816
early stop! 
epoch 20 average x_t_loss, x_1_loss, prob_loss, val losses: 11.621180534362793, 4.088547229766846, 9.594244956970215, 11.697552680969238, 3.9693996906280518, 12.205513954162598
epoch 21 average x_t_loss, x_1_loss, prob_loss, val losses: 11.656317710876465, 4.079178810119629, 9.168543815612793, 11.762700080871582, 3.9482827186584473, 12.447493553161621
epoch 22 average x_t_loss, x_1_loss, prob_loss, val losses: 11.68802261352539, 4.072522163391113, 8.722404479980469, 11.749859809875488, 3.942807912826538, 12.61967945098877
epoch 23 average x_t_loss, x_1_loss, prob_loss, val losses: 11.726016998291016, 4.062836170196533, 8.2470121383667, 11.807388305664062, 3.9471211433410645, 12.817937850952148
epoch 24 average x_t_loss, x_1_loss, prob_loss, val losses: 11.756988525390625, 4.057003974914551, 7.779758453369141, 11.799641609191895, 3.935537099838257, 13.103553771972656
origin text:  A child in a pink dress is climbing up a set of stairs in an entry way .
t = 999
inferred:  [CLS] a group areed in a skirt, a stairs of the stairs. [SEP]
inferred:  [CLS] a child are in a pink dress of the stairs of the staircase. [SEP]
inferred:  [CLS] a child dressed in a pink dress is the top of the staircase. [SEP]
inferred:  [CLS] a small girl in a pink dress is the top of a staircase. [SEP]
inferred:  [CLS] a small girl in a pink dress is the top of a staircase. [SEP]
text t effectiveness
t:  1 restore:  [CLS] a child in a pink dress is climbing up a set of stairs in [SEP]
t:  101 restore:  [CLS] a child in a pink dress is climbing up a set of stairs in [SEP]
t:  201 restore:  [CLS] a child in a pink dress is climbing up a set of stairs. [SEP]
t:  301 restore:  [CLS] a child in a pink dress is climbing up the stairs of stairs stairs [SEP]
t:  401 restore:  [CLS] a child dressed in pink dress dress climbing climbing the stairs of stairs stairs [SEP
t:  501 restore:  [CLS] a child dressed in a pink dress climbing up the stairs of stairs stairs [SEP]
t:  601 restore:  [CLS] a child dressed in pink dress dress climbing climb stairs of of staircase stairs [SEP]
t:  701 restore:  [CLS] a small dressed in a pink dress climbing climbing a stairs of stairs stairs [SEP]
t:  801 restore:  [CLS] a child dressed in pink dress is climbing climb stairs of of staircase stairs [SEP]
t:  901 restore:  [CLS] a child dressed in a pink dress climbing climbing stairs stairs of staircase stairs [S
Thu Sep 15 13:25:56 2022       
+-----------------------------------------------------------------------------+
| NVIDIA-SMI 470.129.06   Driver Version: 470.129.06   CUDA Version: 11.4     |
|-------------------------------+----------------------+----------------------+
| GPU  Name        Persistence-M| Bus-Id        Disp.A | Volatile Uncorr. ECC |
| Fan  Temp  Perf  Pwr:Usage/Cap|         Memory-Usage | GPU-Util  Compute M. |
|                               |                      |               MIG M. |
|===============================+======================+======================|
|   0  NVIDIA A30          On   | 00000000:01:00.0 Off |                    0 |
| N/A   41C    P0    36W / 165W |      0MiB / 24258MiB |      0%      Default |
|                               |                      |             Disabled |
+-------------------------------+----------------------+----------------------+
                                                                               
+-----------------------------------------------------------------------------+
| Processes:                                                                  |
|  GPU   GI   CI        PID   Type   Process name                  GPU Memory |
|        ID   ID                                                   Usage      |
|=============================================================================|
|  No running processes found                                                 |
+-----------------------------------------------------------------------------+
 13:25:56 up 16 days,  1:45,  2 users,  load average: 2.71, 2.83, 2.88
