/var/spool/slurm/d/job65542/slurm_script: line 8: [: missing `]'
This is a test
Today is Sat 17 Sep 19:46:06 BST 2022
This is cloud-vm-41-120.doc.ic.ac.uk
running python program
/vol/cuda/10.2.89-cudnn7.6.4.38/bin:/vol/bitbucket/sx119/conda/bin:/vol/bitbucket/sx119/conda/condabin:/homes/sx119/.local/bin:/usr/local/sbin:/usr/local/bin:/usr/sbin:/usr/bin:/sbin:/bin:/usr/games:/usr/local/games:/snap/bin
using device:  cuda:0
CPU RAM Free: 68.8 GB
GPU 0 ... Mem Free: 24255MB / 24258MB | Utilization   0%
trial name: batch8_maxlen16_round3E-01_lossseries_sum_batch_average_clipconcat_clipmask11_train-embedFalse_samplesize100_x_0_predictTrue
CPU RAM Free: 64.8 GB
GPU 0 ... Mem Free: 21488MB / 24258MB | Utilization  11%
CPU RAM Free: 64.9 GB
GPU 0 ... Mem Free: 20748MB / 24258MB | Utilization  14%
start training
origin text:  A child in a pink dress is climbing up a set of stairs in an entry way .
t = 999
inferred:  [CLS] a woman girl wears a pink dress climbs a up a stone steps school [SEP]
inferred:  [CLS] a young girl wearing a pink dress climbs walking down a stairs stairs. [SEP]
inferred:  [CLS] a young girl wearing a pink dress is walking down a stairs stairs. [SEP]
inferred:  [CLS] a young girl wearing a pink dress is walking down a stairs stairs. [SEP]
inferred:  [CLS] a young girl wearing a pink dress is walking down a stairs stairs. [SEP]
text t effectiveness
t:  1 restore:  [CLS] a child in a pink dress is climbing up a set of stairs in [SEP]
t:  101 restore:  [CLS] a child in a pink dress is climbing up a set of stairs in [SEP]
t:  201 restore:  [CLS] a child in a pink dress is walking down a step of stairs in [SEP]
t:  301 restore:  [CLS] a child in a pink dress is jumping up the steps of a stairs [SEP]
t:  401 restore:  [CLS] a child in a pink pink dress walks down a stairs of stairs. [SEP]
t:  501 restore:  [CLS] a young in a a pink dress walks down a stairs a stairs. [SEP]
t:  601 restore:  [CLS] a young girl in a dress dress is up up a a a stairs [SEP]
t:  701 restore:  [CLS] a young girl in a pink dress dress up a a a stairs. [SEP]
t:  801 restore:  [CLS] a young girl in a pink dress dress is up a a stairs stairs [SEP]
t:  901 restore:  [CLS] a young girl a a pink dress walks up a a a stairs. [SEP]
Sun Sep 18 09:12:54 2022       
+-----------------------------------------------------------------------------+
| NVIDIA-SMI 470.129.06   Driver Version: 470.129.06   CUDA Version: 11.4     |
|-------------------------------+----------------------+----------------------+
| GPU  Name        Persistence-M| Bus-Id        Disp.A | Volatile Uncorr. ECC |
| Fan  Temp  Perf  Pwr:Usage/Cap|         Memory-Usage | GPU-Util  Compute M. |
|                               |                      |               MIG M. |
|===============================+======================+======================|
|   0  NVIDIA A30          On   | 00000000:02:00.0 Off |                    0 |
| N/A   38C    P0    34W / 165W |      0MiB / 24258MiB |      0%      Default |
|                               |                      |             Disabled |
+-------------------------------+----------------------+----------------------+
                                                                               
+-----------------------------------------------------------------------------+
| Processes:                                                                  |
|  GPU   GI   CI        PID   Type   Process name                  GPU Memory |
|        ID   ID                                                   Usage      |
|=============================================================================|
|  No running processes found                                                 |
+-----------------------------------------------------------------------------+
 09:12:54 up 18 days, 21:32,  2 users,  load average: 3.24, 3.27, 3.38
